Prototipos/BeePlanner/app/build/intermediates/manifest_merge_blame_file/debug/manifest-merger-blame-debug-report.txt
1<?xml version="1.0" encoding="utf-8"?>
2<manifest xmlns:android="http://schemas.android.com/apk/res/android"
3    package="com.example.beeplanner"
4    android:versionCode="1"
5    android:versionName="1.0" >
6
7    <uses-sdk
8        android:minSdkVersion="15"
8-->src\main\AndroidManifest.xml
9        android:targetSdkVersion="28" />
9-->src\main\AndroidManifest.xml
10
11    <!-- Although the *SdkVersion is captured in gradle build files, this is required for non gradle builds -->
12    <!-- <uses-sdk android:minSdkVersion="14"/> -->
13    <uses-permission android:name="android.permission.ACCESS_NETWORK_STATE" />
13-->[com.google.firebase:firebase-database:16.0.6] AndroidManifest.xml:24:5-79
13-->[com.google.firebase:firebase-database:16.0.6] AndroidManifest.xml:24:22-76
14    <uses-permission android:name="android.permission.INTERNET" />
14-->[com.google.firebase:firebase-database:16.0.6] AndroidManifest.xml:25:5-67
14-->[com.google.firebase:firebase-database:16.0.6] AndroidManifest.xml:25:22-64
15    <uses-permission android:name="android.permission.WAKE_LOCK" /> <!-- Required by older versions of Google Play services to create IID tokens -->
15-->[com.google.android.gms:play-services-measurement-api:16.5.0] AndroidManifest.xml:24:5-68
15-->[com.google.android.gms:play-services-measurement-api:16.5.0] AndroidManifest.xml:24:22-65
16    <uses-permission android:name="com.google.android.c2dm.permission.RECEIVE" />
16-->[com.google.firebase:firebase-iid:17.1.2] AndroidManifest.xml:26:5-82
16-->[com.google.firebase:firebase-iid:17.1.2] AndroidManifest.xml:26:22-79
17    <uses-permission android:name="com.google.android.finsky.permission.BIND_GET_INSTALL_REFERRER_SERVICE" />
17-->[com.google.android.gms:play-services-measurement:16.5.0] AndroidManifest.xml:26:5-110
17-->[com.google.android.gms:play-services-measurement:16.5.0] AndroidManifest.xml:26:22-107
18
19    <application
19-->src\main\AndroidManifest.xml:5:5-38:19
20        android:allowBackup="true"
20-->src\main\AndroidManifest.xml:6:9-35
21        android:appComponentFactory="android.support.v4.app.CoreComponentFactory"
21-->[com.android.support:support-compat:28.0.0] AndroidManifest.xml:22:18-91
22        android:debuggable="true"
23        android:icon="@mipmap/ic_launcher"
23-->src\main\AndroidManifest.xml:7:9-43
24        android:label="@string/app_name"
24-->src\main\AndroidManifest.xml:8:9-41
25        android:roundIcon="@mipmap/ic_launcher_round"
25-->src\main\AndroidManifest.xml:9:9-54
26        android:supportsRtl="true"
26-->src\main\AndroidManifest.xml:10:9-35
27        android:testOnly="true"
28        android:theme="@style/AppTheme" >
28-->src\main\AndroidManifest.xml:11:9-40
29        <activity
29-->src\main\AndroidManifest.xml:12:9-16:11
30            android:name="com.example.beeplanner.activity.DespesasActivity"
30-->src\main\AndroidManifest.xml:13:13-54
31            android:label="DespesasActivity"
31-->src\main\AndroidManifest.xml:14:13-45
32            android:theme="@style/DespesasTheme" />
32-->src\main\AndroidManifest.xml:15:13-49
33        <activity
33-->src\main\AndroidManifest.xml:17:9-21:11
34            android:name="com.example.beeplanner.activity.ReceitasActivity"
34-->src\main\AndroidManifest.xml:18:13-54
35            android:label="ReceitasActivity"
35-->src\main\AndroidManifest.xml:19:13-45
36            android:theme="@style/ReceitasTheme" />
36-->src\main\AndroidManifest.xml:20:13-49
37        <activity
37-->src\main\AndroidManifest.xml:22:9-26:15
38            android:name="com.example.beeplanner.activity.PrincipalActivity"
38-->src\main\AndroidManifest.xml:23:13-55
39            android:label="@string/title_activity_principal"
39-->src\main\AndroidManifest.xml:24:13-61
40            android:theme="@style/AppTheme.NoActionBar" />
40-->src\main\AndroidManifest.xml:25:13-56
41        <activity android:name="com.example.beeplanner.activity.LoginActivity" />
41-->src\main\AndroidManifest.xml:27:9-60
41-->src\main\AndroidManifest.xml:27:19-57
42        <activity android:name="com.example.beeplanner.activity.CadastrarActivity" />
42-->src\main\AndroidManifest.xml:28:9-64
42-->src\main\AndroidManifest.xml:28:19-61
43        <activity
43-->src\main\AndroidManifest.xml:29:9-37:20
44            android:name="com.example.beeplanner.activity.MainActivity"
44-->src\main\AndroidManifest.xml:30:13-50
45            android:label="@string/app_name"
45-->src\main\AndroidManifest.xml:31:13-45
46            android:theme="@style/Theme.Intro" >
46-->src\main\AndroidManifest.xml:32:13-47
47            <intent-filter>
47-->src\main\AndroidManifest.xml:33:13-36:29
48                <action android:name="android.intent.action.MAIN" />
48-->src\main\AndroidManifest.xml:34:17-69
48-->src\main\AndroidManifest.xml:34:25-66
49
50                <category android:name="android.intent.category.LAUNCHER" />
50-->src\main\AndroidManifest.xml:35:17-77
50-->src\main\AndroidManifest.xml:35:27-74
51            </intent-filter>
52        </activity>
53        <activity
53-->[com.google.firebase:firebase-auth:16.1.0] AndroidManifest.xml:24:9-31:50
54            android:name="com.google.firebase.auth.internal.FederatedSignInActivity"
54-->[com.google.firebase:firebase-auth:16.1.0] AndroidManifest.xml:25:13-85
55            android:excludeFromRecents="true"
55-->[com.google.firebase:firebase-auth:16.1.0] AndroidManifest.xml:26:13-46
56            android:exported="true"
56-->[com.google.firebase:firebase-auth:16.1.0] AndroidManifest.xml:27:13-36
57            android:launchMode="singleTask"
57-->[com.google.firebase:firebase-auth:16.1.0] AndroidManifest.xml:28:13-44
58            android:permission="com.google.firebase.auth.api.gms.permission.LAUNCH_FEDERATED_SIGN_IN"
58-->[com.google.firebase:firebase-auth:16.1.0] AndroidManifest.xml:29:13-102
59            android:theme="@android:style/Theme.Translucent.NoTitleBar" />
59-->[com.google.firebase:firebase-auth:16.1.0] AndroidManifest.xml:30:13-72
60
61        <service
61-->[com.google.firebase:firebase-auth:16.1.0] AndroidManifest.xml:33:9-39:19
62            android:name="com.google.firebase.components.ComponentDiscoveryService"
62-->[com.google.firebase:firebase-auth:16.1.0] AndroidManifest.xml:34:13-84
63            android:exported="false" >
63-->[com.google.firebase:firebase-auth:16.1.0] AndroidManifest.xml:35:13-37
64            <meta-data
64-->[com.google.firebase:firebase-auth:16.1.0] AndroidManifest.xml:36:13-38:85
65                android:name="com.google.firebase.components:com.google.firebase.auth.FirebaseAuthRegistrar"
65-->[com.google.firebase:firebase-auth:16.1.0] AndroidManifest.xml:37:17-109
66                android:value="com.google.firebase.components.ComponentRegistrar" />
66-->[com.google.firebase:firebase-auth:16.1.0] AndroidManifest.xml:38:17-82
67            <meta-data
67-->[com.google.firebase:firebase-storage:16.1.0] AndroidManifest.xml:31:13-33:85
68                android:name="com.google.firebase.components:com.google.firebase.storage.StorageRegistrar"
68-->[com.google.firebase:firebase-storage:16.1.0] AndroidManifest.xml:32:17-107
69                android:value="com.google.firebase.components.ComponentRegistrar" />
69-->[com.google.firebase:firebase-storage:16.1.0] AndroidManifest.xml:33:17-82
70            <meta-data
70-->[com.google.android.gms:play-services-measurement-api:16.5.0] AndroidManifest.xml:30:13-32:85
71                android:name="com.google.firebase.components:com.google.firebase.analytics.connector.internal.AnalyticsConnectorRegistrar"
71-->[com.google.android.gms:play-services-measurement-api:16.5.0] AndroidManifest.xml:31:17-139
72                android:value="com.google.firebase.components.ComponentRegistrar" />
72-->[com.google.android.gms:play-services-measurement-api:16.5.0] AndroidManifest.xml:32:17-82
73            <meta-data
73-->[com.google.firebase:firebase-iid:17.1.2] AndroidManifest.xml:32:13-34:85
74                android:name="com.google.firebase.components:com.google.firebase.iid.Registrar"
74-->[com.google.firebase:firebase-iid:17.1.2] AndroidManifest.xml:33:17-96
75                android:value="com.google.firebase.components.ComponentRegistrar" />
75-->[com.google.firebase:firebase-iid:17.1.2] AndroidManifest.xml:34:17-82
76        </service>
77
78        <receiver
78-->[com.google.firebase:firebase-iid:17.1.2] AndroidManifest.xml:37:9-44:20
79            android:name="com.google.firebase.iid.FirebaseInstanceIdReceiver"
79-->[com.google.firebase:firebase-iid:17.1.2] AndroidManifest.xml:38:13-78
80            android:exported="true"
80-->[com.google.firebase:firebase-iid:17.1.2] AndroidManifest.xml:39:13-36
81            android:permission="com.google.android.c2dm.permission.SEND" >
81-->[com.google.firebase:firebase-iid:17.1.2] AndroidManifest.xml:40:13-73
82            <intent-filter>
82-->[com.google.firebase:firebase-iid:17.1.2] AndroidManifest.xml:41:13-43:29
83                <action android:name="com.google.android.c2dm.intent.RECEIVE" />
83-->[com.google.firebase:firebase-iid:17.1.2] AndroidManifest.xml:42:17-81
83-->[com.google.firebase:firebase-iid:17.1.2] AndroidManifest.xml:42:25-78
84            </intent-filter>
85        </receiver>
86        <!--
87             FirebaseInstanceIdService performs security checks at runtime,
88             no need for explicit permissions despite exported="true"
89        -->
90        <service
90-->[com.google.firebase:firebase-iid:17.1.2] AndroidManifest.xml:50:9-56:19
91            android:name="com.google.firebase.iid.FirebaseInstanceIdService"
91-->[com.google.firebase:firebase-iid:17.1.2] AndroidManifest.xml:51:13-77
92            android:exported="true" >
92-->[com.google.firebase:firebase-iid:17.1.2] AndroidManifest.xml:52:13-36
93            <intent-filter android:priority="-500" >
93-->[com.google.firebase:firebase-iid:17.1.2] AndroidManifest.xml:53:13-55:29
93-->[com.google.firebase:firebase-iid:17.1.2] AndroidManifest.xml:53:28-51
94                <action android:name="com.google.firebase.INSTANCE_ID_EVENT" />
94-->[com.google.firebase:firebase-iid:17.1.2] AndroidManifest.xml:54:17-80
94-->[com.google.firebase:firebase-iid:17.1.2] AndroidManifest.xml:54:25-77
95            </intent-filter>
96        </service>
97
98        <activity
98-->[com.google.android.gms:play-services-base:16.0.1] AndroidManifest.xml:23:9-26:75
99            android:name="com.google.android.gms.common.api.GoogleApiActivity"
99-->[com.google.android.gms:play-services-base:16.0.1] AndroidManifest.xml:24:13-79
100            android:exported="false"
100-->[com.google.android.gms:play-services-base:16.0.1] AndroidManifest.xml:25:13-37
101            android:theme="@android:style/Theme.Translucent.NoTitleBar" />
101-->[com.google.android.gms:play-services-base:16.0.1] AndroidManifest.xml:26:13-72
102
103        <provider
103-->[com.google.firebase:firebase-common:16.1.0] AndroidManifest.xml:12:9-16:39
104            android:name="com.google.firebase.provider.FirebaseInitProvider"
104-->[com.google.firebase:firebase-common:16.1.0] AndroidManifest.xml:13:13-77
105            android:authorities="com.example.beeplanner.firebaseinitprovider"
105-->[com.google.firebase:firebase-common:16.1.0] AndroidManifest.xml:14:13-72
106            android:exported="false"
106-->[com.google.firebase:firebase-common:16.1.0] AndroidManifest.xml:15:13-37
107            android:initOrder="100" />
107-->[com.google.firebase:firebase-common:16.1.0] AndroidManifest.xml:16:13-36
108
109        <receiver
109-->[com.google.android.gms:play-services-measurement:16.5.0] AndroidManifest.xml:29:9-33:20
110            android:name="com.google.android.gms.measurement.AppMeasurementReceiver"
110-->[com.google.android.gms:play-services-measurement:16.5.0] AndroidManifest.xml:30:13-85
111            android:enabled="true"
111-->[com.google.android.gms:play-services-measurement:16.5.0] AndroidManifest.xml:31:13-35
112            android:exported="false" >
112-->[com.google.android.gms:play-services-measurement:16.5.0] AndroidManifest.xml:32:13-37
113        </receiver>
114        <receiver
114-->[com.google.android.gms:play-services-measurement:16.5.0] AndroidManifest.xml:34:9-42:20
115            android:name="com.google.android.gms.measurement.AppMeasurementInstallReferrerReceiver"
115-->[com.google.android.gms:play-services-measurement:16.5.0] AndroidManifest.xml:35:13-100
116            android:enabled="true"
116-->[com.google.android.gms:play-services-measurement:16.5.0] AndroidManifest.xml:36:13-35
117            android:exported="true"
117-->[com.google.android.gms:play-services-measurement:16.5.0] AndroidManifest.xml:37:13-36
118            android:permission="android.permission.INSTALL_PACKAGES" >
118-->[com.google.android.gms:play-services-measurement:16.5.0] AndroidManifest.xml:38:13-69
119            <intent-filter>
119-->[com.google.android.gms:play-services-measurement:16.5.0] AndroidManifest.xml:39:13-41:29
120                <action android:name="com.android.vending.INSTALL_REFERRER" />
120-->[com.google.android.gms:play-services-measurement:16.5.0] AndroidManifest.xml:40:17-79
120-->[com.google.android.gms:play-services-measurement:16.5.0] AndroidManifest.xml:40:25-76
121            </intent-filter>
122        </receiver>
123
124        <service
124-->[com.google.android.gms:play-services-measurement:16.5.0] AndroidManifest.xml:44:9-47:40
125            android:name="com.google.android.gms.measurement.AppMeasurementService"
125-->[com.google.android.gms:play-services-measurement:16.5.0] AndroidManifest.xml:45:13-84
126            android:enabled="true"
126-->[com.google.android.gms:play-services-measurement:16.5.0] AndroidManifest.xml:46:13-35
127            android:exported="false" />
127-->[com.google.android.gms:play-services-measurement:16.5.0] AndroidManifest.xml:47:13-37
128        <service
128-->[com.google.android.gms:play-services-measurement:16.5.0] AndroidManifest.xml:48:9-52:72
129            android:name="com.google.android.gms.measurement.AppMeasurementJobService"
129-->[com.google.android.gms:play-services-measurement:16.5.0] AndroidManifest.xml:49:13-87
130            android:enabled="true"
130-->[com.google.android.gms:play-services-measurement:16.5.0] AndroidManifest.xml:50:13-35
131            android:exported="false"
131-->[com.google.android.gms:play-services-measurement:16.5.0] AndroidManifest.xml:51:13-37
132            android:permission="android.permission.BIND_JOB_SERVICE" />
132-->[com.google.android.gms:play-services-measurement:16.5.0] AndroidManifest.xml:52:13-69
133
134        <meta-data
134-->[com.google.android.gms:play-services-basement:16.2.0] AndroidManifest.xml:23:9-25:69
135            android:name="com.google.android.gms.version"
135-->[com.google.android.gms:play-services-basement:16.2.0] AndroidManifest.xml:24:13-58
136            android:value="@integer/google_play_services_version" />
136-->[com.google.android.gms:play-services-basement:16.2.0] AndroidManifest.xml:25:13-66
137        <meta-data
137-->[com.android.support:support-v4:26.1.0] AndroidManifest.xml:26:9-28:38
138            android:name="android.support.VERSION"
138-->[com.android.support:support-v4:26.1.0] AndroidManifest.xml:27:13-51
139            android:value="26.1.0" />
139-->[com.android.support:support-v4:26.1.0] AndroidManifest.xml:28:13-35
140    </application>
141
142</manifest>